The repos fetched are : 

Get:1 file:/var/cudnn-local-repo-cross-sbsa-ubuntu2204-8.9.3.28  InRelease [1572 B]
Get:1 file:/var/cudnn-local-repo-cross-sbsa-ubuntu2204-8.9.3.28  InRelease [1572 B]
Hit:2 http://archive.ubuntu.com/ubuntu jammy InRelease
Get:3 http://security.ubuntu.com/ubuntu jammy-security InRelease [110 kB]
Hit:4 https://ppa.launchpadcontent.net/deadsnakes/ppa/ubuntu jammy InRelease
Get:5 http://archive.ubuntu.com/ubuntu jammy-updates InRelease [119 kB]
Get:6 http://security.ubuntu.com/ubuntu jammy-security/main amd64 Packages [1303 kB]
Hit:7 http://archive.ubuntu.com/ubuntu jammy-backports InRelease
Get:8 http://archive.ubuntu.com/ubuntu jammy-updates/main amd64 Packages [1519 kB]
Get:9 http://security.ubuntu.com/ubuntu jammy-security/universe amd64 Packages [852 kB]
Get:10 http://archive.ubuntu.com/ubuntu jammy-updates/main Translation-en [293 kB]
Get:11 http://archive.ubuntu.com/ubuntu jammy-updates/restricted amd64 Packages [1644 kB]
Get:12 http://archive.ubuntu.com/ubuntu jammy-updates/universe amd64 Packages [1060 kB]
Fetched 6899 kB in 4s (1739 kB/s)
Reading package lists...
Building dependency tree...
Reading state information...
All packages are up to date.


 The erros found are :


WARNING: apt does not have a stable CLI interface. Use with caution in scripts.

